<?xml version="1.0" encoding="UTF-8"?>
<!-- Generated by org.testng.reporters.JUnitReportReporter -->
<testsuite hostname="DESKTOP-SHO85OO" failures="0" tests="1" name="example.alert" time="6.435" errors="0" timestamp="2023-06-14T08:42:39 IST" skipped="0">
  <testcase classname="example.alert" name="main" time="6.435"/>
  <system-out/>
</testsuite> <!-- example.alert -->
