<?xml version="1.0" encoding="UTF-8"?>
<!-- Generated by org.testng.reporters.JUnitReportReporter -->
<testsuite hostname="DESKTOP-SHO85OO" failures="0" tests="1" name="testng_wait.imple" time="5.756" errors="0" timestamp="2023-06-14T08:42:39 IST" skipped="0">
  <testcase classname="testng_wait.imple" name="t1" time="5.756"/>
  <system-out/>
</testsuite> <!-- testng_wait.imple -->
