<?xml version="1.0" encoding="UTF-8"?>
<!-- Generated by org.testng.reporters.JUnitReportReporter -->
<testsuite hostname="DESKTOP-SHO85OO" failures="0" tests="1" name="example.d4" time="5.698" errors="0" timestamp="2023-05-30T18:05:21 IST" skipped="0">
  <testcase classname="example.d4" name="mad" time="5.698"/>
  <system-out/>
</testsuite> <!-- example.d4 -->
