<?xml version="1.0" encoding="UTF-8"?>
<!-- Generated by org.testng.reporters.JUnitReportReporter -->
<testsuite hostname="DESKTOP-SHO85OO" failures="0" tests="2" name="get_methods.dataprovider" time="15.409" errors="0" timestamp="2023-06-14T08:38:37 IST" skipped="0">
  <testcase classname="get_methods.dataprovider" name="data" time="8.177"/>
  <system-out/>
  <testcase classname="get_methods.dataprovider" name="data" time="7.232"/>
  <system-out/>
</testsuite> <!-- get_methods.dataprovider -->
