<?xml version="1.0" encoding="UTF-8"?>
<!-- Generated by org.testng.reporters.JUnitReportReporter -->
<testsuite hostname="DESKTOP-SHO85OO" failures="0" tests="1" name="anotaion.ass" time="8.493" errors="0" timestamp="2023-05-29T17:04:10 IST" skipped="0">
  <testcase classname="anotaion.ass" name="main" time="8.493"/>
  <system-out/>
</testsuite> <!-- anotaion.ass -->
