<?xml version="1.0" encoding="UTF-8"?>
<!-- Generated by org.testng.reporters.JUnitReportReporter -->
<testsuite hostname="DESKTOP-SHO85OO" failures="0" tests="1" name="testng_wait.imple" time="7.545" errors="0" timestamp="2023-05-30T07:48:40 IST" skipped="0">
  <testcase classname="testng_wait.imple" name="t1" time="7.545"/>
  <system-out/>
</testsuite> <!-- testng_wait.imple -->
