<?xml version="1.0" encoding="UTF-8"?>
<!-- Generated by org.testng.reporters.JUnitReportReporter -->
<testsuite hostname="DESKTOP-SHO85OO" failures="0" tests="1" name="testng_wait.expl2" time="7.692" errors="0" timestamp="2023-06-14T08:42:39 IST" skipped="0">
  <testcase classname="testng_wait.expl2" name="main" time="7.692"/>
  <system-out/>
</testsuite> <!-- testng_wait.expl2 -->
