<?xml version="1.0" encoding="UTF-8"?>
<!-- Generated by org.testng.reporters.JUnitReportReporter -->
<testsuite hostname="DESKTOP-SHO85OO" failures="0" tests="1" name="alertmessage.d2" time="7.600" errors="0" timestamp="2023-06-23T17:12:46 IST" skipped="0">
  <testcase classname="alertmessage.d2" name="main" time="7.600"/>
  <system-out/>
</testsuite> <!-- alertmessage.d2 -->
