<?xml version="1.0" encoding="UTF-8"?>
<!-- Generated by org.testng.reporters.JUnitReportReporter -->
<testsuite hostname="DESKTOP-SHO85OO" failures="0" tests="1" name="mouse.mouse" time="8.122" errors="0" timestamp="2023-05-30T17:53:58 IST" skipped="0">
  <testcase classname="mouse.mouse" name="main" time="8.122"/>
  <system-out/>
</testsuite> <!-- mouse.mouse -->
