<?xml version="1.0" encoding="UTF-8"?>
<!-- Generated by org.testng.reporters.JUnitReportReporter -->
<testsuite hostname="DESKTOP-SHO85OO" failures="0" tests="2" name="data.k2" time="7.623" errors="0" timestamp="2023-06-26T08:40:12 IST" skipped="0">
  <testcase classname="data.k2" name="DataProSampleTest" time="4.573"/>
  <system-out/>
  <testcase classname="data.k2" name="DataProSampleTest" time="3.050"/>
  <system-out/>
</testsuite> <!-- data.k2 -->
