<?xml version="1.0" encoding="UTF-8"?>
<!-- Generated by org.testng.reporters.JUnitReportReporter -->
<testsuite hostname="DESKTOP-SHO85OO" failures="0" tests="2" name="data.data2" time="12.334" errors="0" timestamp="2023-05-30T09:03:52 IST" skipped="0">
  <testcase classname="data.data2" name="DataProvSampleTest" time="6.165"/>
  <system-out/>
  <testcase classname="data.data2" name="DataProvSampleTest" time="6.169"/>
  <system-out/>
</testsuite> <!-- data.data2 -->
