<?xml version="1.0" encoding="UTF-8"?>
<!-- Generated by org.testng.reporters.JUnitReportReporter -->
<testsuite hostname="DESKTOP-SHO85OO" failures="0" tests="1" name="assertion.a1" time="4.829" errors="0" timestamp="2023-05-28T11:08:13 IST" skipped="0">
  <testcase classname="assertion.a1" name="hard" time="4.829"/>
  <system-out/>
</testsuite> <!-- assertion.a1 -->
