<?xml version="1.0" encoding="UTF-8"?>
<!-- Generated by org.testng.reporters.JUnitReportReporter -->
<testsuite hostname="DESKTOP-SHO85OO" failures="0" tests="1" name="testng_wait.imple1" time="12.397" errors="0" timestamp="2023-05-30T07:56:53 IST" skipped="0">
  <testcase classname="testng_wait.imple1" name="main" time="12.397"/>
  <system-out/>
</testsuite> <!-- testng_wait.imple1 -->
