<?xml version="1.0" encoding="UTF-8"?>
<!-- Generated by org.testng.reporters.JUnitReportReporter -->
<testsuite hostname="DESKTOP-SHO85OO" failures="0" tests="1" name="testng_wait.expl2" time="10.268" errors="0" timestamp="2023-05-30T08:19:43 IST" skipped="0">
  <testcase classname="testng_wait.expl2" name="main" time="10.268"/>
  <system-out/>
</testsuite> <!-- testng_wait.expl2 -->
