<?xml version="1.0" encoding="UTF-8"?>
<!-- Generated by org.testng.reporters.JUnitReportReporter -->
<testsuite hostname="DESKTOP-SHO85OO" failures="0" tests="1" name="example.alert" time="16.290" errors="0" timestamp="2023-05-30T11:22:15 IST" skipped="0">
  <testcase classname="example.alert" name="main" time="16.290"/>
  <system-out/>
</testsuite> <!-- example.alert -->
