<?xml version="1.0" encoding="UTF-8"?>
<!-- Generated by org.testng.reporters.JUnitReportReporter -->
<testsuite hostname="DESKTOP-SHO85OO" failures="0" tests="1" name="externreport.c3" time="7.627" errors="0" timestamp="2023-06-06T09:01:18 IST" skipped="0">
  <testcase classname="externreport.c3" name="main" time="7.627"/>
  <system-out/>
</testsuite> <!-- externreport.c3 -->
