<?xml version="1.0" encoding="UTF-8"?>
<!-- Generated by org.testng.reporters.JUnitReportReporter -->
<testsuite hostname="DESKTOP-SHO85OO" failures="0" tests="3" name="data.d1" time="29.909" errors="0" timestamp="2023-06-14T08:42:39 IST" skipped="0">
  <testcase classname="data.d1" name="DataProvSampleTest" time="6.674"/>
  <system-out/>
  <testcase classname="data.d1" name="DataProvSampleTest" time="9.990"/>
  <system-out/>
  <testcase classname="data.d1" name="DataProvSampleTest" time="13.245"/>
  <system-out/>
</testsuite> <!-- data.d1 -->
