<?xml version="1.0" encoding="UTF-8"?>
<!-- Generated by org.testng.reporters.JUnitReportReporter -->
<testsuite hostname="DESKTOP-SHO85OO" failures="0" tests="1" name="alertmessage.d1" time="5.534" errors="0" timestamp="2023-05-30T18:15:52 IST" skipped="0">
  <testcase classname="alertmessage.d1" name="main" time="5.534"/>
  <system-out/>
</testsuite> <!-- alertmessage.d1 -->
