<?xml version="1.0" encoding="UTF-8"?>
<!-- Generated by org.testng.reporters.JUnitReportReporter -->
<testsuite hostname="DESKTOP-SHO85OO" failures="0" tests="1" name="get_methods.a6" time="5.835" errors="0" timestamp="2023-06-14T07:53:58 IST" skipped="0">
  <testcase classname="get_methods.a6" name="mani" time="5.835"/>
  <system-out/>
</testsuite> <!-- get_methods.a6 -->
