<?xml version="1.0" encoding="UTF-8"?>
<!-- Generated by org.testng.reporters.JUnitReportReporter -->
<testsuite hostname="DESKTOP-SHO85OO" failures="0" tests="2" name="data.k2" time="7.428" errors="0" timestamp="2023-06-01T08:16:53 IST" skipped="0">
  <testcase classname="data.k2" name="DataProSampleTest" time="4.207"/>
  <system-out/>
  <testcase classname="data.k2" name="DataProSampleTest" time="3.221"/>
  <system-out/>
</testsuite> <!-- data.k2 -->
