<?xml version="1.0" encoding="UTF-8"?>
<!-- Generated by org.testng.reporters.JUnitReportReporter -->
<testsuite hostname="DESKTOP-SHO85OO" failures="0" tests="5" name="testng_attributtes.a1" time="0.017" errors="0" timestamp="2023-06-02T10:32:18 IST" skipped="0">
  <testcase classname="testng_attributtes.a1" name="sin" time="0.009"/>
  <system-out/>
  <testcase classname="testng_attributtes.a1" name="log" time="0.001"/>
  <system-out/>
  <testcase classname="testng_attributtes.a1" name="serach" time="0.001"/>
  <system-out/>
  <testcase classname="testng_attributtes.a1" name="serach" time="0.002"/>
  <system-out/>
  <testcase classname="testng_attributtes.a1" name="get" time="0.004"/>
  <system-out/>
</testsuite> <!-- testng_attributtes.a1 -->
