<?xml version="1.0" encoding="UTF-8"?>
<!-- Generated by org.testng.reporters.JUnitReportReporter -->
<testsuite hostname="DESKTOP-SHO85OO" failures="0" tests="1" name="extrn.c1" time="6.058" errors="0" timestamp="2023-06-06T19:09:02 IST" skipped="0">
  <testcase classname="extrn.c1" name="main" time="6.058"/>
  <system-out/>
</testsuite> <!-- extrn.c1 -->
