<?xml version="1.0" encoding="UTF-8"?>
<!-- Generated by org.testng.reporters.JUnitReportReporter -->
<testsuite hostname="DESKTOP-SHO85OO" failures="0" tests="4" name="example.kavi22" time="11.959" errors="0" timestamp="2023-06-01T08:22:04 IST" skipped="0">
  <testcase classname="example.kavi22" name="DataProvSampleTest" time="3.338"/>
  <system-out/>
  <testcase classname="example.kavi22" name="DataProvSampleTest" time="2.893"/>
  <system-out/>
  <testcase classname="example.kavi22" name="DataProvSampleTest" time="2.489"/>
  <system-out/>
  <testcase classname="example.kavi22" name="DataProvSampleTest" time="3.239"/>
  <system-out/>
</testsuite> <!-- example.kavi22 -->
