<?xml version="1.0" encoding="UTF-8"?>
<!-- Generated by org.testng.reporters.JUnitReportReporter -->
<testsuite hostname="DESKTOP-SHO85OO" failures="0" tests="1" name="assertion.a1" time="4.566" errors="0" timestamp="2023-06-14T08:42:39 IST" skipped="0">
  <testcase classname="assertion.a1" name="hard" time="4.566"/>
  <system-out/>
</testsuite> <!-- assertion.a1 -->
