<?xml version="1.0" encoding="UTF-8"?>
<!-- Generated by org.testng.reporters.JUnitReportReporter -->
<testsuite hostname="DESKTOP-SHO85OO" failures="0" tests="1" name="mouse.mouse" time="3.344" errors="0" timestamp="2023-06-23T17:22:04 IST" skipped="0">
  <testcase classname="mouse.mouse" name="main" time="3.344"/>
  <system-out/>
</testsuite> <!-- mouse.mouse -->
