<?xml version="1.0" encoding="UTF-8"?>
<!-- Generated by org.testng.reporters.JUnitReportReporter -->
<testsuite hostname="DESKTOP-SHO85OO" failures="0" tests="2" name="anotaion.d1" time="7.916" errors="0" timestamp="2023-05-28T10:35:06 IST" skipped="0">
  <testcase classname="anotaion.d1" name="test1" time="3.501"/>
  <system-out/>
  <testcase classname="anotaion.d1" name="test2" time="4.415"/>
  <system-out/>
</testsuite> <!-- anotaion.d1 -->
