<?xml version="1.0" encoding="UTF-8"?>
<!-- Generated by org.testng.reporters.JUnitReportReporter -->
<testsuite hostname="DESKTOP-SHO85OO" failures="0" tests="1" name="externreport.c2" time="4.643" errors="0" timestamp="2023-06-06T07:59:27 IST" skipped="0">
  <testcase classname="externreport.c2" name="extentReportsDemo" time="4.643"/>
  <system-out/>
</testsuite> <!-- externreport.c2 -->
