<?xml version="1.0" encoding="UTF-8"?>
<!-- Generated by org.testng.reporters.JUnitReportReporter -->
<testsuite hostname="DESKTOP-SHO85OO" failures="0" tests="1" name="example.d4" time="3.116" errors="0" timestamp="2023-06-14T08:42:39 IST" skipped="0">
  <testcase classname="example.d4" name="mad" time="3.116"/>
  <system-out/>
</testsuite> <!-- example.d4 -->
