<?xml version="1.0" encoding="UTF-8"?>
<!-- Generated by org.testng.reporters.JUnitReportReporter -->
<testsuite hostname="DESKTOP-SHO85OO" failures="0" tests="3" name="data.d1" time="38.726" errors="0" timestamp="2023-06-07T18:34:50 IST" skipped="0">
  <testcase classname="data.d1" name="DataProvSampleTest" time="8.254"/>
  <system-out/>
  <testcase classname="data.d1" name="DataProvSampleTest" time="8.574"/>
  <system-out/>
  <testcase classname="data.d1" name="DataProvSampleTest" time="21.898"/>
  <system-out/>
</testsuite> <!-- data.d1 -->
