<?xml version="1.0" encoding="UTF-8"?>
<!-- Generated by org.testng.reporters.JUnitReportReporter -->
<testsuite hostname="DESKTOP-SHO85OO" failures="0" tests="1" name="assertion.d3" time="11.607" errors="0" timestamp="2023-05-29T16:57:32 IST" skipped="0">
  <testcase classname="assertion.d3" name="main" time="11.607"/>
  <system-out/>
</testsuite> <!-- assertion.d3 -->
